<?xml version="1.0" encoding="UTF-8"?>
<!-- Generated by org.testng.reporters.JUnitReportReporter -->
<testsuite name="testcases.TC_01" tests="1" time="21.049" ignored="0" failures="0" timestamp="28 Dec 2020 19:48:00 GMT" skipped="0" hostname="LAPTOP-LMM7U3RG" errors="0">
  <testcase name="testcase01" time="21.049" classname="testcases.TC_01"/>
</testsuite> <!-- testcases.TC_01 -->
